[10:02:52 PM 8/4/2024 logs] [Savage Friends] undefined
[10:02:52 PM 8/4/2024 logs] [Savage Friends] undefined
[10:02:52 PM 8/4/2024 logs] [Savage Friends] undefined
[10:02:52 PM 8/4/2024 logs] [Savage Friends] undefined
[10:02:52 PM 8/4/2024 logs] [Savage Friends] undefined
[10:02:52 PM 8/4/2024 logs] [Savage Friends] undefined
[10:02:52 PM 8/4/2024 logs] [Savage Friends] undefined
[10:02:53 PM 8/4/2024 logs] [chipmunk] FNFBoyfriendBot joind teh gaem
[10:02:53 PM 8/4/2024 logs] [faithtardboom] FNFBoyfriendBot joind teh gaem
[10:02:53 PM 8/4/2024 logs] [alexboom] FNFBoyfriendBot joind teh gaem
[10:02:53 PM 8/4/2024 logs] [chipmunk] [Prefix: ~] FNFBoyfriendBot: FNFBoyfriendBot created by Parker2991
[10:02:53 PM 8/4/2024 logs] [kaboom] FNFBoyfriendBot joind teh gaem
[10:02:53 PM 8/4/2024 logs] [faithtardboom] 
[10:02:53 PM 8/4/2024 logs] [chipmunk] [ViaVersion] There is a newer plugin version available: 5.0.2, you're on: 5.0.1-SNAPSHOT
[10:02:53 PM 8/4/2024 logs] [faithtardboom] [ViaVersion] There is a newer plugin version available: 5.0.2, you're on: 5.0.2-SNAPSHOT
[10:02:53 PM 8/4/2024 logs] [faithtardboom] [Prefix: ~] FNFBoyfriendBot: FNFBoyfriendBot created by Parker2991
[10:02:53 PM 8/4/2024 logs] [faithtardboom] There's a new Geyser update available to support Bedrock version 1.21.2. Download it here: https://geysermc.org/download
[10:02:54 PM 8/4/2024 logs] [prljav] FNFBoyfriendBot joind teh gaem
[10:02:54 PM 8/4/2024 logs] [nekoboom] FNFBoyfriendBot joind teh gaem
[10:02:54 PM 8/4/2024 logs] [prljav] There's a new Geyser update available to support Bedrock version 1.21.2. Download it here: https://geysermc.org/download
[10:02:54 PM 8/4/2024 logs] [prljav] [ViaVersion] There is a newer plugin version available: 5.0.2, you're on: 5.0.2-SNAPSHOT
[10:02:54 PM 8/4/2024 logs] [chipmunk] FNFBoyfriendBot: /minecraft:fill 1000000 0 999984 1000015 0 999999 repeating_command_block{CustomName:'{"translate":"outOfMemory.message"}'}
[10:02:54 PM 8/4/2024 logs] [chipmunk] no blockz wuz filld
[10:02:54 PM 8/4/2024 logs] [chipmunk] There's a new Geyser update available to support Bedrock version 1.21.2. Download it here: https://geysermc.org/download
[10:02:54 PM 8/4/2024 logs] [prljav] [Prefix: ~] FNFBoyfriendBot: FNFBoyfriendBot created by Parker2991
[10:02:54 PM 8/4/2024 logs] [alexboom] There's a new Geyser update available to support Bedrock version 1.21.2. Download it here: https://geysermc.org/download
[10:02:55 PM 8/4/2024 logs] [kaboom] [Prefix: ~] FNFBoyfriendBot: FNFBoyfriendBot created by Parker2991
[10:02:55 PM 8/4/2024 logs] [faithtardboom] FNFBoyfriendBot: /minecraft:fill 0 0 0 15 0 15 repeating_command_block{CustomName:'{"translate":"outOfMemory.message"}'}
[10:02:55 PM 8/4/2024 logs] [faithtardboom] no blockz wuz filld
[10:02:55 PM 8/4/2024 logs] [nekoboom] [Prefix: ~] FNFBoyfriendBot: FNFBoyfriendBot created by Parker2991
[10:02:55 PM 8/4/2024 logs] [chipmunk] FNFBoyfriendBot: /commandspy on
[10:02:55 PM 8/4/2024 logs] [chipmunk] Successfully enabled CommandSpy
[10:02:55 PM 8/4/2024 logs] [prljav] FNFBoyfriendBot: /minecraft:fill 0 0 0 15 0 15 repeating_command_block{CustomName:'{"translate":"outOfMemory.message"}'}
[10:02:55 PM 8/4/2024 logs] [prljav] no blockz wuz filld
[10:02:55 PM 8/4/2024 logs] [prljav] FNFBoyfriendBot: /commandspy on
[10:02:55 PM 8/4/2024 logs] [prljav] Successfully enabled CommandSpy
[10:02:55 PM 8/4/2024 logs] [alexboom] [Prefix: ~] FNFBoyfriendBot: FNFBoyfriendBot created by Parker2991
[10:02:55 PM 8/4/2024 logs] [faithtardboom] FNFBoyfriendBot: /commandspy on
[10:02:55 PM 8/4/2024 logs] [faithtardboom] Successfully enabled CommandSpy
[10:02:55 PM 8/4/2024 logs] [faithtardboom] FNFBoyfriendBot: /commandspy on
[10:02:55 PM 8/4/2024 logs] [faithtardboom] Successfully enabled CommandSpy
[10:02:55 PM 8/4/2024 logs] [prljav] FNFBoyfriendBot: /commandspy on
[10:02:55 PM 8/4/2024 logs] [prljav] Successfully enabled CommandSpy
[10:02:55 PM 8/4/2024 logs] [kaboom] FNFBoyfriendBot: /minecraft:fill -48 0 32 -33 0 47 repeating_command_block{CustomName:'{"translate":"outOfMemory.message"}'}
[10:02:55 PM 8/4/2024 logs] [kaboom] no blockz wuz filld
[10:02:56 PM 8/4/2024 logs] [chipmunk] FNFBoyfriendBot: /commandspy on
[10:02:56 PM 8/4/2024 logs] [chipmunk] Successfully enabled CommandSpy
[10:02:56 PM 8/4/2024 logs] [chipmunk] Vanish for FNFBoyfriendBot: enabled
[10:02:56 PM 8/4/2024 logs] [chipmunk] You are now completely invisible to normal users, and hidden from in-game commands.
[10:02:56 PM 8/4/2024 logs] [faithtardboom] Vanish for FNFBoyfriendBot: enabled
[10:02:56 PM 8/4/2024 logs] [faithtardboom] You are now completely invisible to normal users, and hidden from in-game commands.
[10:02:56 PM 8/4/2024 logs] [kaboom] FNFBoyfriendBot: /commandspy on
[10:02:56 PM 8/4/2024 logs] [kaboom] Successfully enabled CommandSpy
[10:02:56 PM 8/4/2024 logs] [kaboom] FNFBoyfriendBot: /commandspy on
[10:02:56 PM 8/4/2024 logs] [kaboom] Successfully enabled CommandSpy
[10:02:56 PM 8/4/2024 logs] [kaboom] FNFBoyfriendBot: /commandspy on
[10:02:56 PM 8/4/2024 logs] [kaboom] Successfully enabled CommandSpy
[10:02:56 PM 8/4/2024 logs] [prljav] Vanish for FNFBoyfriendBot: enabled
[10:02:56 PM 8/4/2024 logs] [prljav] You are now completely invisible to normal users, and hidden from in-game commands.
[10:02:56 PM 8/4/2024 logs] [nekoboom] FNFBoyfriendBot: /minecraft:fill -32 0 -48 -17 0 -33 repeating_command_block{CustomName:'{"translate":"outOfMemory.message"}'}
[10:02:56 PM 8/4/2024 logs] [nekoboom] no blockz wuz filld
[10:02:56 PM 8/4/2024 logs] [nekoboom] FNFBoyfriendBot: /commandspy on
[10:02:56 PM 8/4/2024 logs] [nekoboom] Successfully enabled CommandSpy
[10:02:56 PM 8/4/2024 logs] [nekoboom] FNFBoyfriendBot: /commandspy on
[10:02:56 PM 8/4/2024 logs] [nekoboom] Successfully enabled CommandSpy
[10:02:56 PM 8/4/2024 logs] [nekoboom] FNFBoyfriendBot: /commandspy on
[10:02:56 PM 8/4/2024 logs] [nekoboom] Successfully enabled CommandSpy
[10:02:56 PM 8/4/2024 logs] [alexboom] FNFBoyfriendBot: /minecraft:fill 80 0 0 95 0 15 repeating_command_block{CustomName:'{"translate":"outOfMemory.message"}'}
[10:02:56 PM 8/4/2024 logs] [alexboom] no blockz wuz filld
[10:02:56 PM 8/4/2024 logs] [alexboom] FNFBoyfriendBot: /commandspy on
[10:02:56 PM 8/4/2024 logs] [alexboom] Successfully enabled CommandSpy
[10:02:56 PM 8/4/2024 logs] [alexboom] FNFBoyfriendBot: /commandspy on
[10:02:56 PM 8/4/2024 logs] [alexboom] Successfully enabled CommandSpy
[10:02:56 PM 8/4/2024 logs] [alexboom] FNFBoyfriendBot: /commandspy on
[10:02:56 PM 8/4/2024 logs] [alexboom] Successfully enabled CommandSpy
[10:02:56 PM 8/4/2024 logs] [chipmunk] FNFBoyfriendBot: /prefix &8[&bPrefix&8: &3~&8]
[10:02:56 PM 8/4/2024 logs] [chipmunk] You now have the tag: &8[&bPrefix&8: &3~&8]
[10:02:56 PM 8/4/2024 logs] [Savage Friends]  FNFBoyfriendBot » FNFBoyfriendBot created by Parker2991
[10:02:56 PM 8/4/2024 logs] [Savage Friends] Welcome, FNFBoyfriendBot!
[10:02:56 PM 8/4/2024 logs] [Savage Friends] Type /help for a list of commands.
[10:02:56 PM 8/4/2024 logs] [Savage Friends] Type /list to see who else is online.
[10:02:56 PM 8/4/2024 logs] [Savage Friends] Type /rank <user> <rank> to change your rank. (now supports spaces!)
[10:02:56 PM 8/4/2024 logs] [Savage Friends] Players online: 1 - World time: 6:00 AM
[10:02:56 PM 8/4/2024 logs] [Savage Friends] Please, login with the command: /login <password>
[10:02:57 PM 8/4/2024 logs] [alexboom] Vanish for FNFBoyfriendBot: enabled
[10:02:57 PM 8/4/2024 logs] [faithtardboom] FNFBoyfriendBot: /prefix &8[&bPrefix&8: &3~&8]
[10:02:57 PM 8/4/2024 logs] [alexboom] You are now completely invisible to normal users, and hidden from in-game commands.
[10:02:57 PM 8/4/2024 logs] [faithtardboom] You now have the tag: &8[&bPrefix&8: &3~&8]
[10:02:57 PM 8/4/2024 logs] [kaboom] Vanish for FNFBoyfriendBot: enabled
[10:02:57 PM 8/4/2024 logs] [kaboom] You are now completely invisible to normal users, and hidden from in-game commands.
[10:02:57 PM 8/4/2024 logs] [prljav] FNFBoyfriendBot: /prefix &8[&bPrefix&8: &3~&8]
[10:02:57 PM 8/4/2024 logs] [nekoboom] Vanish for FNFBoyfriendBot: enabled
[10:02:57 PM 8/4/2024 logs] [prljav] You now have the tag: &8[&bPrefix&8: &3~&8]
[10:02:57 PM 8/4/2024 logs] [nekoboom] You are now completely invisible to normal users, and hidden from in-game commands.
[10:02:57 PM 8/4/2024 logs] [chipmunk] God mode enabled.
[10:02:58 PM 8/4/2024 logs] [faithtardboom] God mode enabled.
[10:02:58 PM 8/4/2024 logs] [alexboom] FNFBoyfriendBot: /prefix &8[&bPrefix&8: &3~&8]
[10:02:58 PM 8/4/2024 logs] [alexboom] You now have the tag: &8[&bPrefix&8: &3~&8]
[10:02:58 PM 8/4/2024 logs] [chipmunk] [OP] LapisHusky: #help
[10:02:58 PM 8/4/2024 logs] [kaboom] FNFBoyfriendBot: /prefix &8[&bPrefix&8: &3~&8]
[10:02:58 PM 8/4/2024 logs] [kaboom] You now have the tag: &8[&bPrefix&8: &3~&8]
[10:02:58 PM 8/4/2024 logs] [prljav] God mode enabled.
[10:02:58 PM 8/4/2024 logs] [nekoboom] FNFBoyfriendBot: /prefix &8[&bPrefix&8: &3~&8]
[10:02:58 PM 8/4/2024 logs] [nekoboom] You now have the tag: &8[&bPrefix&8: &3~&8]
[10:02:58 PM 8/4/2024 logs] [chipmunk] Commands - hbot:cb hbot:creator hbot:discord hbot:echo hbot:help hbot:list hbot:loginname hbot:logquery hbot:mapart hbot:music hbot:orbit hbot:particlecannon hbot:rainbowify hbot:rtp hbot:schem hbot:sentry hbot:stoporbit hbot:treegen hbot:uuid hbot:badapple hbot:ban hbot:blacklist hbot:boxstructure hbot:cloop hbot:core hbot:debug hbot:dla hbot:entityspammer hbot:kick hbot:lock hbot:msgfilter hbot:pcrash hbot:playerfilter hbot:restart hbot:supercb hbot:togglevisibility hbot:validate hbot:stop
[10:02:58 PM 8/4/2024 logs] [chipmunk] Teleportation enabled.
[10:02:59 PM 8/4/2024 logs] [alexboom] God mode enabled.
[10:02:59 PM 8/4/2024 logs] [Savage Friends] Please, login with the command: /login <password>
[10:02:59 PM 8/4/2024 logs] [faithtardboom] Teleportation enabled.
[10:02:59 PM 8/4/2024 logs] [kaboom] God mode enabled.
[10:02:59 PM 8/4/2024 logs] [prljav] Teleportation enabled.
[10:02:59 PM 8/4/2024 logs] [nekoboom] God mode enabled.
[10:03:00 PM 8/4/2024 logs] [alexboom] Teleportation enabled.
[10:03:00 PM 8/4/2024 logs] [kaboom] Teleportation enabled.
[10:03:00 PM 8/4/2024 logs] [nekoboom] Teleportation enabled.
[10:03:01 PM 8/4/2024 logs] [nekoboom] Parker2991: /fill -32 0 -48 -17 0 -33 repeating_command_block{CustomName: '{"text":"https://doin-your.mom","color":"dark_red","clickEvent":{"action":"open_url","value":""}}'} destroy
[10:03:01 PM 8/4/2024 logs] [nekoboom] [Parker2991: Succeszfuly fild 256 blok(x)]
[10:03:04 PM 8/4/2024 logs] [Savage Friends] Please, login with the command: /login <password>
[10:03:06 PM 8/4/2024 logs] [kaboom] [OP] HBot: Say hbot:help in chat for a list of commands or say hbot:help [command] for more detail on a command.
[10:03:09 PM 8/4/2024 logs] [Savage Friends] Please, login with the command: /login <password>
[10:03:14 PM 8/4/2024 logs] [Savage Friends] Please, login with the command: /login <password>
